[7992:9848:0522/144043.818:INFO:components\enterprise\browser\controller\chrome_browser_cloud_management_controller.cc:202] No machine level policy manager exists.
[25356:15876:0522/144044.004:INFO:third_party\webrtc\system_wrappers\source\cpu_info.cc:56] Available number of cores: 12
[29688:13384:0522/144044.004:INFO:third_party\webrtc\system_wrappers\source\cpu_info.cc:56] Available number of cores: 12
[7576:14160:0522/144044.045:VERBOSE1:components\viz\service\main\viz_main_impl.cc:85] VizNullHypothesis is disabled (not a warning)
[20156:18416:0522/144044.407:INFO:third_party\webrtc\system_wrappers\source\cpu_info.cc:56] Available number of cores: 12
[13000:11972:0522/144044.441:INFO:third_party\webrtc\system_wrappers\source\cpu_info.cc:56] Available number of cores: 12
[7992:9848:0522/144045.365:INFO:CONSOLE:0] "Refused to frame 'https://www.googletagmanager.com/' because it violates the following Content Security Policy directive: "frame-src 'self' app.hubspot.com *.google.com *.vimeo.com https://wsv3cdn.audioeye.com/ https://app.five9.com/ https://www.youtube.com/ https://www.facebook.com/ https://player.vimeo.com/".
", source: https://www.googletagmanager.com/ (0)
[7992:9848:0522/144045.388:INFO:CONSOLE:569] "Failed to execute 'postMessage' on 'DOMWindow': The target origin provided ('https://www.googletagmanager.com') does not match the recipient window's origin ('null').", source: https://www.googletagmanager.com/gtm.js?id=GTM-WB4LPNG (569)
[34164:29220:0522/144045.391:INFO:third_party\webrtc\system_wrappers\source\cpu_info.cc:56] Available number of cores: 12
[7992:9848:0522/144045.889:INFO:CONSOLE:569] "Failed to execute 'postMessage' on 'DOMWindow': The target origin provided ('https://www.googletagmanager.com') does not match the recipient window's origin ('null').", source: https://www.googletagmanager.com/gtm.js?id=GTM-WB4LPNG (569)
[7992:9848:0522/144046.396:INFO:CONSOLE:569] "Failed to execute 'postMessage' on 'DOMWindow': The target origin provided ('https://www.googletagmanager.com') does not match the recipient window's origin ('null').", source: https://www.googletagmanager.com/gtm.js?id=GTM-WB4LPNG (569)
[7992:9848:0522/144046.896:INFO:CONSOLE:569] "Failed to execute 'postMessage' on 'DOMWindow': The target origin provided ('https://www.googletagmanager.com') does not match the recipient window's origin ('null').", source: https://www.googletagmanager.com/gtm.js?id=GTM-WB4LPNG (569)
[8404:32004:0522/144047.041:INFO:third_party\webrtc\system_wrappers\source\cpu_info.cc:56] Available number of cores: 12
[7992:9848:0522/144048.975:INFO:CONSOLE:569] "Failed to execute 'postMessage' on 'DOMWindow': The target origin provided ('https://www.googletagmanager.com') does not match the recipient window's origin ('null').", source: https://www.googletagmanager.com/gtm.js?id=GTM-WB4LPNG (569)
[7992:9848:0522/144049.968:INFO:CONSOLE:1] "addWidget [object Object]", source: https://app.five9.com/consoles/SocialWidget/five9-social-widget.min.js (1)
[7992:9848:0522/144050.451:INFO:CONSOLE:0] "Refused to frame 'https://x.adroll.com/' because it violates the following Content Security Policy directive: "frame-src 'self' app.hubspot.com *.google.com *.vimeo.com https://wsv3cdn.audioeye.com/ https://app.five9.com/ https://www.youtube.com/ https://www.facebook.com/ https://player.vimeo.com/".
", source: https://s.adroll.com/ (0)
[17088:22864:0522/144050.465:INFO:third_party\webrtc\system_wrappers\source\cpu_info.cc:56] Available number of cores: 12
[7992:9848:0522/144050.508:INFO:CONSOLE:1] "addWidget [object Object]", source: https://app.five9.com/consoles/SocialWidget/five9-social-widget.min.js (1)
[7992:9848:0522/144050.557:INFO:CONSOLE:7] "SyntaxError: "[object Object]" is not valid JSON", source: https://wsv3cdn.audioeye.com/bootstrap.js?d=www.dealercenter.com (7)
[7992:9848:0522/144050.964:INFO:CONSOLE:569] "Failed to execute 'postMessage' on 'DOMWindow': The target origin provided ('https://www.googletagmanager.com') does not match the recipient window's origin ('null').", source: https://www.googletagmanager.com/gtm.js?id=GTM-WB4LPNG (569)
[7992:9848:0522/144051.151:INFO:CONSOLE:0] "[DOM] Input elements should have autocomplete attributes (suggested: "current-password"): (More info: https://goo.gl/9p2vKq) %o", source: https://idsvr.dealercenter.net/authn/authentication/dcWebAuth (0)
[7992:9848:0522/144052.667:INFO:CONSOLE:0] "<meta name="apple-mobile-web-app-capable" content="yes"> is deprecated. Please include <meta name="mobile-web-app-capable" content="yes">", source: https://idsvr.dealercenter.net/authn/authentication/dcWebAuth (0)
[7992:9848:0522/144052.975:INFO:CONSOLE:569] "Failed to execute 'postMessage' on 'DOMWindow': The target origin provided ('https://www.googletagmanager.com') does not match the recipient window's origin ('null').", source: https://www.googletagmanager.com/gtm.js?id=GTM-WB4LPNG (569)
[29404:5708:0522/144053.578:INFO:third_party\webrtc\system_wrappers\source\cpu_info.cc:56] Available number of cores: 12
[7992:9848:0522/144054.973:INFO:CONSOLE:569] "Failed to execute 'postMessage' on 'DOMWindow': The target origin provided ('https://www.googletagmanager.com') does not match the recipient window's origin ('null').", source: https://www.googletagmanager.com/gtm.js?id=GTM-WB4LPNG (569)
[7992:9848:0522/144056.181:WARNING:components\download\internal\background_service\controller_impl.cc:1187] Background download complete, client: 6, completion type: 0, file size:5156
[7992:9848:0522/144056.282:WARNING:components\download\internal\background_service\controller_impl.cc:1187] Background download complete, client: 6, completion type: 0, file size:265059
[7992:9848:0522/144056.634:WARNING:components\download\internal\background_service\controller_impl.cc:1187] Background download complete, client: 6, completion type: 0, file size:883094
[7992:9848:0522/144056.936:WARNING:components\download\internal\background_service\controller_impl.cc:1187] Background download complete, client: 6, completion type: 0, file size:2200227
[7992:9848:0522/144056.978:INFO:CONSOLE:569] "Failed to execute 'postMessage' on 'DOMWindow': The target origin provided ('https://www.googletagmanager.com') does not match the recipient window's origin ('null').", source: https://www.googletagmanager.com/gtm.js?id=GTM-WB4LPNG (569)
[7992:9848:0522/144057.030:WARNING:components\download\internal\background_service\controller_impl.cc:1187] Background download complete, client: 6, completion type: 0, file size:45157
[7992:9848:0522/144057.565:WARNING:components\download\internal\background_service\controller_impl.cc:1187] Background download complete, client: 6, completion type: 0, file size:2992963
[7992:9848:0522/144057.650:WARNING:components\download\internal\background_service\controller_impl.cc:1187] Background download complete, client: 6, completion type: 0, file size:2747169
[7992:9848:0522/144057.880:WARNING:components\download\internal\background_service\controller_impl.cc:1187] Background download complete, client: 6, completion type: 0, file size:4680
[7992:9848:0522/144058.184:WARNING:components\download\internal\background_service\controller_impl.cc:1187] Background download complete, client: 6, completion type: 0, file size:118577
[7992:9848:0522/144058.967:INFO:CONSOLE:569] "Failed to execute 'postMessage' on 'DOMWindow': The target origin provided ('https://www.googletagmanager.com') does not match the recipient window's origin ('null').", source: https://www.googletagmanager.com/gtm.js?id=GTM-WB4LPNG (569)
[7992:9848:0522/144100.964:INFO:CONSOLE:569] "Failed to execute 'postMessage' on 'DOMWindow': The target origin provided ('https://www.googletagmanager.com') does not match the recipient window's origin ('null').", source: https://www.googletagmanager.com/gtm.js?id=GTM-WB4LPNG (569)
[7992:9848:0522/144102.976:INFO:CONSOLE:569] "Failed to execute 'postMessage' on 'DOMWindow': The target origin provided ('https://www.googletagmanager.com') does not match the recipient window's origin ('null').", source: https://www.googletagmanager.com/gtm.js?id=GTM-WB4LPNG (569)
[7992:9848:0522/144104.977:INFO:CONSOLE:569] "Failed to execute 'postMessage' on 'DOMWindow': The target origin provided ('https://www.googletagmanager.com') does not match the recipient window's origin ('null').", source: https://www.googletagmanager.com/gtm.js?id=GTM-WB4LPNG (569)
[7992:9848:0522/144106.970:INFO:CONSOLE:569] "Failed to execute 'postMessage' on 'DOMWindow': The target origin provided ('https://www.googletagmanager.com') does not match the recipient window's origin ('null').", source: https://www.googletagmanager.com/gtm.js?id=GTM-WB4LPNG (569)
[7992:9848:0522/144108.963:INFO:CONSOLE:569] "Failed to execute 'postMessage' on 'DOMWindow': The target origin provided ('https://www.googletagmanager.com') does not match the recipient window's origin ('null').", source: https://www.googletagmanager.com/gtm.js?id=GTM-WB4LPNG (569)
[7992:9848:0522/144110.974:INFO:CONSOLE:569] "Failed to execute 'postMessage' on 'DOMWindow': The target origin provided ('https://www.googletagmanager.com') does not match the recipient window's origin ('null').", source: https://www.googletagmanager.com/gtm.js?id=GTM-WB4LPNG (569)
[7992:9848:0522/144112.969:INFO:CONSOLE:569] "Failed to execute 'postMessage' on 'DOMWindow': The target origin provided ('https://www.googletagmanager.com') does not match the recipient window's origin ('null').", source: https://www.googletagmanager.com/gtm.js?id=GTM-WB4LPNG (569)
[7992:9848:0522/144114.974:INFO:CONSOLE:569] "Failed to execute 'postMessage' on 'DOMWindow': The target origin provided ('https://www.googletagmanager.com') does not match the recipient window's origin ('null').", source: https://www.googletagmanager.com/gtm.js?id=GTM-WB4LPNG (569)
[7992:9848:0522/144116.967:INFO:CONSOLE:569] "Failed to execute 'postMessage' on 'DOMWindow': The target origin provided ('https://www.googletagmanager.com') does not match the recipient window's origin ('null').", source: https://www.googletagmanager.com/gtm.js?id=GTM-WB4LPNG (569)
[7992:9848:0522/144118.970:INFO:CONSOLE:569] "Failed to execute 'postMessage' on 'DOMWindow': The target origin provided ('https://www.googletagmanager.com') does not match the recipient window's origin ('null').", source: https://www.googletagmanager.com/gtm.js?id=GTM-WB4LPNG (569)
[7992:9848:0522/144120.978:INFO:CONSOLE:569] "Failed to execute 'postMessage' on 'DOMWindow': The target origin provided ('https://www.googletagmanager.com') does not match the recipient window's origin ('null').", source: https://www.googletagmanager.com/gtm.js?id=GTM-WB4LPNG (569)
[30908:27636:0522/144243.945:VERBOSE1:components\viz\service\main\viz_main_impl.cc:85] VizNullHypothesis is disabled (not a warning)
