[28072:21116:0522/142133.700:INFO:components\enterprise\browser\controller\chrome_browser_cloud_management_controller.cc:202] No machine level policy manager exists.
[11980:32372:0522/142133.887:INFO:third_party\webrtc\system_wrappers\source\cpu_info.cc:56] Available number of cores: 12
[3080:18964:0522/142133.888:INFO:third_party\webrtc\system_wrappers\source\cpu_info.cc:56] Available number of cores: 12
[23372:13632:0522/142133.939:VERBOSE1:components\viz\service\main\viz_main_impl.cc:85] VizNullHypothesis is disabled (not a warning)
[26832:2772:0522/142134.405:INFO:third_party\webrtc\system_wrappers\source\cpu_info.cc:56] Available number of cores: 12
[25984:17176:0522/142134.425:INFO:third_party\webrtc\system_wrappers\source\cpu_info.cc:56] Available number of cores: 12
[28072:21116:0522/142135.364:INFO:CONSOLE:0] "Refused to frame 'https://www.googletagmanager.com/' because it violates the following Content Security Policy directive: "frame-src 'self' app.hubspot.com *.google.com *.vimeo.com https://wsv3cdn.audioeye.com/ https://app.five9.com/ https://www.youtube.com/ https://www.facebook.com/ https://player.vimeo.com/".
", source: https://www.googletagmanager.com/ (0)
[26328:30128:0522/142135.418:INFO:third_party\webrtc\system_wrappers\source\cpu_info.cc:56] Available number of cores: 12
[28072:21116:0522/142135.421:INFO:CONSOLE:570] "Failed to execute 'postMessage' on 'DOMWindow': The target origin provided ('https://www.googletagmanager.com') does not match the recipient window's origin ('null').", source: https://www.googletagmanager.com/gtm.js?id=GTM-WB4LPNG (570)
[28072:21116:0522/142135.919:INFO:CONSOLE:570] "Failed to execute 'postMessage' on 'DOMWindow': The target origin provided ('https://www.googletagmanager.com') does not match the recipient window's origin ('null').", source: https://www.googletagmanager.com/gtm.js?id=GTM-WB4LPNG (570)
[28072:21116:0522/142136.420:INFO:CONSOLE:570] "Failed to execute 'postMessage' on 'DOMWindow': The target origin provided ('https://www.googletagmanager.com') does not match the recipient window's origin ('null').", source: https://www.googletagmanager.com/gtm.js?id=GTM-WB4LPNG (570)
[28072:21116:0522/142136.924:INFO:CONSOLE:570] "Failed to execute 'postMessage' on 'DOMWindow': The target origin provided ('https://www.googletagmanager.com') does not match the recipient window's origin ('null').", source: https://www.googletagmanager.com/gtm.js?id=GTM-WB4LPNG (570)
[28072:21116:0522/142137.428:INFO:CONSOLE:570] "Failed to execute 'postMessage' on 'DOMWindow': The target origin provided ('https://www.googletagmanager.com') does not match the recipient window's origin ('null').", source: https://www.googletagmanager.com/gtm.js?id=GTM-WB4LPNG (570)
[33204:24880:0522/142137.638:INFO:third_party\webrtc\system_wrappers\source\cpu_info.cc:56] Available number of cores: 12
[28072:21116:0522/142138.978:INFO:CONSOLE:570] "Failed to execute 'postMessage' on 'DOMWindow': The target origin provided ('https://www.googletagmanager.com') does not match the recipient window's origin ('null').", source: https://www.googletagmanager.com/gtm.js?id=GTM-WB4LPNG (570)
[28072:21116:0522/142139.335:INFO:CONSOLE:7] "SyntaxError: "[object Object]" is not valid JSON", source: https://wsv3cdn.audioeye.com/bootstrap.js?d=www.dealercenter.com (7)
[28072:21116:0522/142139.974:INFO:CONSOLE:1] "addWidget [object Object]", source: https://app.five9.com/consoles/SocialWidget/five9-social-widget.min.js (1)
[28072:21116:0522/142140.463:INFO:CONSOLE:0] "Refused to frame 'https://x.adroll.com/' because it violates the following Content Security Policy directive: "frame-src 'self' app.hubspot.com *.google.com *.vimeo.com https://wsv3cdn.audioeye.com/ https://app.five9.com/ https://www.youtube.com/ https://www.facebook.com/ https://player.vimeo.com/".
", source: https://s.adroll.com/ (0)
[9268:7712:0522/142140.481:INFO:third_party\webrtc\system_wrappers\source\cpu_info.cc:56] Available number of cores: 12
[28072:21116:0522/142140.967:INFO:CONSOLE:570] "Failed to execute 'postMessage' on 'DOMWindow': The target origin provided ('https://www.googletagmanager.com') does not match the recipient window's origin ('null').", source: https://www.googletagmanager.com/gtm.js?id=GTM-WB4LPNG (570)
[28072:21116:0522/142141.216:INFO:CONSOLE:1] "addWidget [object Object]", source: https://app.five9.com/consoles/SocialWidget/five9-social-widget.min.js (1)
[28072:21116:0522/142141.805:INFO:CONSOLE:0] "[DOM] Input elements should have autocomplete attributes (suggested: "current-password"): (More info: https://goo.gl/9p2vKq) %o", source: https://idsvr.dealercenter.net/authn/authentication/dcWebAuth (0)
[28072:21116:0522/142142.963:INFO:CONSOLE:570] "Failed to execute 'postMessage' on 'DOMWindow': The target origin provided ('https://www.googletagmanager.com') does not match the recipient window's origin ('null').", source: https://www.googletagmanager.com/gtm.js?id=GTM-WB4LPNG (570)
[28072:21116:0522/142143.239:INFO:CONSOLE:0] "<meta name="apple-mobile-web-app-capable" content="yes"> is deprecated. Please include <meta name="mobile-web-app-capable" content="yes">", source: https://idsvr.dealercenter.net/authn/authentication/dcWebAuth (0)
[14852:24928:0522/142143.787:INFO:third_party\webrtc\system_wrappers\source\cpu_info.cc:56] Available number of cores: 12
[28072:21116:0522/142144.975:INFO:CONSOLE:570] "Failed to execute 'postMessage' on 'DOMWindow': The target origin provided ('https://www.googletagmanager.com') does not match the recipient window's origin ('null').", source: https://www.googletagmanager.com/gtm.js?id=GTM-WB4LPNG (570)
[28072:21116:0522/142146.969:INFO:CONSOLE:570] "Failed to execute 'postMessage' on 'DOMWindow': The target origin provided ('https://www.googletagmanager.com') does not match the recipient window's origin ('null').", source: https://www.googletagmanager.com/gtm.js?id=GTM-WB4LPNG (570)
[28072:21116:0522/142148.968:INFO:CONSOLE:570] "Failed to execute 'postMessage' on 'DOMWindow': The target origin provided ('https://www.googletagmanager.com') does not match the recipient window's origin ('null').", source: https://www.googletagmanager.com/gtm.js?id=GTM-WB4LPNG (570)
[28072:21116:0522/142150.879:INFO:CONSOLE:0] "<meta name="apple-mobile-web-app-capable" content="yes"> is deprecated. Please include <meta name="mobile-web-app-capable" content="yes">", source: https://idsvr.dealercenter.net/authn/authentication/WebMFAEmail/enter-otp (0)
[28072:21116:0522/142150.970:INFO:CONSOLE:570] "Failed to execute 'postMessage' on 'DOMWindow': The target origin provided ('https://www.googletagmanager.com') does not match the recipient window's origin ('null').", source: https://www.googletagmanager.com/gtm.js?id=GTM-WB4LPNG (570)
[28072:21116:0522/142152.978:INFO:CONSOLE:570] "Failed to execute 'postMessage' on 'DOMWindow': The target origin provided ('https://www.googletagmanager.com') does not match the recipient window's origin ('null').", source: https://www.googletagmanager.com/gtm.js?id=GTM-WB4LPNG (570)
[28072:21116:0522/142154.963:INFO:CONSOLE:570] "Failed to execute 'postMessage' on 'DOMWindow': The target origin provided ('https://www.googletagmanager.com') does not match the recipient window's origin ('null').", source: https://www.googletagmanager.com/gtm.js?id=GTM-WB4LPNG (570)
[28072:21116:0522/142156.977:INFO:CONSOLE:570] "Failed to execute 'postMessage' on 'DOMWindow': The target origin provided ('https://www.googletagmanager.com') does not match the recipient window's origin ('null').", source: https://www.googletagmanager.com/gtm.js?id=GTM-WB4LPNG (570)
[28072:21116:0522/142158.970:INFO:CONSOLE:570] "Failed to execute 'postMessage' on 'DOMWindow': The target origin provided ('https://www.googletagmanager.com') does not match the recipient window's origin ('null').", source: https://www.googletagmanager.com/gtm.js?id=GTM-WB4LPNG (570)
[28072:21116:0522/142200.970:INFO:CONSOLE:570] "Failed to execute 'postMessage' on 'DOMWindow': The target origin provided ('https://www.googletagmanager.com') does not match the recipient window's origin ('null').", source: https://www.googletagmanager.com/gtm.js?id=GTM-WB4LPNG (570)
[28072:21116:0522/142202.975:INFO:CONSOLE:570] "Failed to execute 'postMessage' on 'DOMWindow': The target origin provided ('https://www.googletagmanager.com') does not match the recipient window's origin ('null').", source: https://www.googletagmanager.com/gtm.js?id=GTM-WB4LPNG (570)
[28072:21116:0522/142204.971:INFO:CONSOLE:570] "Failed to execute 'postMessage' on 'DOMWindow': The target origin provided ('https://www.googletagmanager.com') does not match the recipient window's origin ('null').", source: https://www.googletagmanager.com/gtm.js?id=GTM-WB4LPNG (570)
[28072:21116:0522/142206.970:INFO:CONSOLE:570] "Failed to execute 'postMessage' on 'DOMWindow': The target origin provided ('https://www.googletagmanager.com') does not match the recipient window's origin ('null').", source: https://www.googletagmanager.com/gtm.js?id=GTM-WB4LPNG (570)
[28072:21116:0522/142208.966:INFO:CONSOLE:570] "Failed to execute 'postMessage' on 'DOMWindow': The target origin provided ('https://www.googletagmanager.com') does not match the recipient window's origin ('null').", source: https://www.googletagmanager.com/gtm.js?id=GTM-WB4LPNG (570)
[28072:21116:0522/142209.170:INFO:CONSOLE:139] "Uncaught TypeError: Cannot read properties of null (reading 'setAttribute')", source: https://idsvr.dealercenter.net/authn/authentication/WebMFAEmail/enter-otp (139)
[28072:21116:0522/142219.323:INFO:CONSOLE:1] "ping tabs", source: https://app.dealercenter.net/apps/shell/928.47e2e75527c6b4bc.js (1)
[28072:21116:0522/142219.413:INFO:CONSOLE:1] "[LaunchDarkly] LaunchDarkly client initialized", source: https://app.dealercenter.net/apps/shell/928.47e2e75527c6b4bc.js (1)
[28072:21116:0522/142222.184:INFO:CONSOLE:1] "[2025-05-22T17:22:22.184Z] Information: WebSocket connected to wss://signalrnotification.dealercenter.net/notificationhub?groupName=4206539&id=j0UosRe9mVydxr1anl7EJw&access_token=_0XBPWQQ_10f767d0-e546-4762-bd1e-c4ae54a8afcf.", source: https://app.dealercenter.net/apps/shell/928.47e2e75527c6b4bc.js (1)
[23372:10400:0522/142222.206:WARNING:ui\gl\angle_platform_impl.cc:54] HLSLCompiler.cpp:250 (rx::HLSLCompiler::compileToBinary): 
C:\fakepath(139,3-70): warning X3557: loop only executes for 1 iteration(s), forcing loop to unroll

[28072:21116:0522/142222.300:INFO:CONSOLE:1] "Can't be placed in the bounds of the dashboard, trying to auto position!/n{"cols":6,"rows":12,"x":15,"y":15}", source: https://app.dealercenter.net/apps/reports/4441.d0fe4273d896990f.js (1)
[28072:21116:0522/142222.415:INFO:CONSOLE:1] "SignalR Connected", source: https://app.dealercenter.net/apps/shell/928.47e2e75527c6b4bc.js (1)
[28072:21116:0522/142222.629:INFO:CONSOLE:1] "[LaunchDarkly] Opening stream connection to https://clientstream.launchdarkly.com/eval/66d1e63b5f9d731020fcca55/eyJraW5kIjoidXNlciIsImtleSI6InNkay1hMzUzYzQzMS0xMDJhLTRjNzUtYWFiZS05YjJiYTk4NzdmYTQiLCJkY0FjY291bnRVc2VySWQiOiIyMmViNTMzMS1lNmNmLTQ1NDAtOWM1OC0wNDZhN2YyZGZmZGMiLCJkY0FjY291bnRVc2VybmFtZSI6ImVzdGFuaSIsImRjQWNjb3VudENvbXBhbnlJZCI6IjQyMDY1MzkiLCJkY0FjY291bnRDb21wYW55U3RhdGUiOiJGTCIsImRjQWNjb3VudEVtYWlsIjoic3RhbkBicmlvbWd0LmNvbSIsIl9tZXRhIjp7InByaXZhdGVBdHRyaWJ1dGVzIjpbImRjQWNjb3VudFVzZXJJZCIsImRjQWNjb3VudFVzZXJuYW1lIiwiZGNBY2NvdW50Q29tcGFueUlkIiwiZGNBY2NvdW50RW1haWwiXX19", source: https://app.dealercenter.net/apps/shell/928.47e2e75527c6b4bc.js (1)
[23372:28268:0522/142222.708:WARNING:ui\gl\angle_platform_impl.cc:54] HLSLCompiler.cpp:250 (rx::HLSLCompiler::compileToBinary): 
C:\fakepath(130,3-70): warning X3557: loop only executes for 1 iteration(s), forcing loop to unroll

[28072:21116:0522/142231.077:INFO:CONSOLE:1] "ERROR [object DOMException]", source: https://app.dealercenter.net/apps/shell/705.d90470b6679bb71d.js (1)
[28072:21116:0522/142231.077:INFO:CONSOLE:1] "[2025-05-22T17:22:31.077Z] Information: Connection disconnected.", source: https://app.dealercenter.net/apps/shell/928.47e2e75527c6b4bc.js (1)
[28072:21116:0522/142231.078:INFO:CONSOLE:1] "SignalR connection closed.", source: https://app.dealercenter.net/apps/shell/928.47e2e75527c6b4bc.js (1)
